Determining if the pthread_create exist failed with the following output:
Change Dir: /home/mathewmilena/multifloor_astar/build/CMakeFiles/CMakeTmp

Run Build Command:"/usr/bin/make" "cmTC_aab5a/fast"
/usr/bin/make -f CMakeFiles/cmTC_aab5a.dir/build.make CMakeFiles/cmTC_aab5a.dir/build
make[1]: Entering directory '/home/mathewmilena/multifloor_astar/build/CMakeFiles/CMakeTmp'
Building C object CMakeFiles/cmTC_aab5a.dir/CheckSymbolExists.c.o
/usr/bin/cc    -o CMakeFiles/cmTC_aab5a.dir/CheckSymbolExists.c.o   -c /home/mathewmilena/multifloor_astar/build/CMakeFiles/CMakeTmp/CheckSymbolExists.c
Linking C executable cmTC_aab5a
/usr/bin/cmake -E cmake_link_script CMakeFiles/cmTC_aab5a.dir/link.txt --verbose=1
/usr/bin/cc      -rdynamic CMakeFiles/cmTC_aab5a.dir/CheckSymbolExists.c.o  -o cmTC_aab5a 
CMakeFiles/cmTC_aab5a.dir/CheckSymbolExists.c.o: In function `main':
CheckSymbolExists.c:(.text+0x1b): undefined reference to `pthread_create'
collect2: error: ld returned 1 exit status
CMakeFiles/cmTC_aab5a.dir/build.make:97: recipe for target 'cmTC_aab5a' failed
make[1]: *** [cmTC_aab5a] Error 1
make[1]: Leaving directory '/home/mathewmilena/multifloor_astar/build/CMakeFiles/CMakeTmp'
Makefile:126: recipe for target 'cmTC_aab5a/fast' failed
make: *** [cmTC_aab5a/fast] Error 2

File /home/mathewmilena/multifloor_astar/build/CMakeFiles/CMakeTmp/CheckSymbolExists.c:
/* */
#include <pthread.h>

int main(int argc, char** argv)
{
  (void)argv;
#ifndef pthread_create
  return ((int*)(&pthread_create))[argc];
#else
  (void)argc;
  return 0;
#endif
}

Determining if the function pthread_create exists in the pthreads failed with the following output:
Change Dir: /home/mathewmilena/multifloor_astar/build/CMakeFiles/CMakeTmp

Run Build Command:"/usr/bin/make" "cmTC_73cf1/fast"
/usr/bin/make -f CMakeFiles/cmTC_73cf1.dir/build.make CMakeFiles/cmTC_73cf1.dir/build
make[1]: Entering directory '/home/mathewmilena/multifloor_astar/build/CMakeFiles/CMakeTmp'
Building C object CMakeFiles/cmTC_73cf1.dir/CheckFunctionExists.c.o
/usr/bin/cc   -DCHECK_FUNCTION_EXISTS=pthread_create   -o CMakeFiles/cmTC_73cf1.dir/CheckFunctionExists.c.o   -c /usr/share/cmake-3.10/Modules/CheckFunctionExists.c
Linking C executable cmTC_73cf1
/usr/bin/cmake -E cmake_link_script CMakeFiles/cmTC_73cf1.dir/link.txt --verbose=1
/usr/bin/cc  -DCHECK_FUNCTION_EXISTS=pthread_create    -rdynamic CMakeFiles/cmTC_73cf1.dir/CheckFunctionExists.c.o  -o cmTC_73cf1 -lpthreads 
/usr/bin/ld: cannot find -lpthreads
collect2: error: ld returned 1 exit status
CMakeFiles/cmTC_73cf1.dir/build.make:97: recipe for target 'cmTC_73cf1' failed
make[1]: *** [cmTC_73cf1] Error 1
make[1]: Leaving directory '/home/mathewmilena/multifloor_astar/build/CMakeFiles/CMakeTmp'
Makefile:126: recipe for target 'cmTC_73cf1/fast' failed
make: *** [cmTC_73cf1/fast] Error 2


